Start testing: Jun 29 18:35 CST
----------------------------------------------------------
1/2 Testing: test_hello1
1/2 Test: test_hello1
Command: "/home/superfun/code/learn/learn_cmake/fortran_cmake/unit_test/build/src/test/test_hello1"
Directory: /home/superfun/code/learn/learn_cmake/fortran_cmake/unit_test/build/src/test
"test_hello1" start time: Jun 29 18:35 CST
Output:
----------------------------------------------------------
 hello world
<end of output>
Test time =   0.00 sec
----------------------------------------------------------
Test Passed.
"test_hello1" end time: Jun 29 18:35 CST
"test_hello1" time elapsed: 00:00:00
----------------------------------------------------------

2/2 Testing: test_hello2
2/2 Test: test_hello2
Command: "/home/superfun/code/learn/learn_cmake/fortran_cmake/unit_test/build/src/test/test_hello2"
Directory: /home/superfun/code/learn/learn_cmake/fortran_cmake/unit_test/build/src/test
"test_hello2" start time: Jun 29 18:35 CST
Output:
----------------------------------------------------------
 hello!
<end of output>
Test time =   0.00 sec
----------------------------------------------------------
Test Passed.
"test_hello2" end time: Jun 29 18:35 CST
"test_hello2" time elapsed: 00:00:00
----------------------------------------------------------

End testing: Jun 29 18:35 CST
